Strecke:
A B C D E F G H I J

Abstaende:
12 8 14 3 5 21 13 6 8

Start Hinfahrt:
17

Anzahl Bahnhöfe : 10
Mindestdauer      : 98

Einfache Fahrt:
An          29     39     55     00     07     30     45     53     03     
Wa                                                                                  
Ab  17     31     41     57     02     09     32     47     55             
      A       B  X   C       D       E  X   F       G  X   H       I       J 
Ab          39     29     13     08     01     38     23     15     05     
Wa                                                                                  
An  51     37     27     11     06     59     36     21     13             
Gesamtdauer Hinfahrt, Rückfahrt       : 106, 106
Summe Wartezeiten Hinfahrt, Rückfahrt : 0, 0
Summe Strafen                         : 0

Einseitiges Warten:
An          29     39     55     00     07     30     45     53     03     
Wa                                                                                  
Ab  17     31     41     57     02     09     32     47     55             
      A       B       C       D       E       F       G       H       I       J 
Ab          34     16     00     19     12     35     50     18     08     
Wa          08             36             14     30     24                     
An  46     24     14     22     17     56     03     24     16             
Gesamtdauer Hinfahrt, Rückfahrt       : 106, 218
Summe Wartezeiten Hinfahrt, Rückfahrt : 0, 112
Summe Strafen                         : 12544

Beidseitiges Warten:
An          29     39     55     00     07     30     45     53     03     
Wa                                                                                  
Ab  17     31     41     57     02     09     32     47     55             
      A       B       C       D       E       F       G       H       I       J 
Ab          51     41     25     20     13     50     35     27     17     
Wa                                                                                  
An  03     49     39     23     18     11     48     33     25             
Gesamtdauer Hinfahrt, Rückfahrt       : 106, 106
Summe Wartezeiten Hinfahrt, Rückfahrt : 0, 0
Summe Strafen                         : 0

