Strecke:
A B C

Abstaende:
5 7

Start Hinfahrt:
17

Anzahl Bahnhöfe : 3
Mindestdauer      : 13

Einfache Fahrt:
An          22     31     
Wa                          
Ab  17     24             
      A       B       C 
Ab          42     33     
Wa                          
An  47     40             
Gesamtdauer Hinfahrt, Rückfahrt       : 14, 14
Summe Wartezeiten Hinfahrt, Rückfahrt : 0, 0
Summe Strafen                         : 0

Einseitiges Warten:
An          22     31     
Wa                          
Ab  17     24             
      A       B       C 
Ab          45     36     
Wa                          
An  50     43             
Gesamtdauer Hinfahrt, Rückfahrt       : 14, 14
Summe Wartezeiten Hinfahrt, Rückfahrt : 0, 0
Summe Strafen                         : 0

Beidseitiges Warten:
An          22     31     
Wa                          
Ab  17     24             
      A       B       C 
Ab          45     36     
Wa                          
An  50     43             
Gesamtdauer Hinfahrt, Rückfahrt       : 14, 14
Summe Wartezeiten Hinfahrt, Rückfahrt : 0, 0
Summe Strafen                         : 0

